# JRE version: Java(TM) SE Runtime Environment (8.0_66-b17) (build 1.8.0_66-b17)
# Java VM: Java HotSpot(TM) 64-Bit Server VM (25.66-b17 mixed mode linux-amd64 compressed oops)
Heap:
 PSYoungGen      total 2124800K, used 25033K [0x0000000671980000, 0x00000006f7380000, 0x00000007c0000000)
  eden space 2060288K, 0% used [0x0000000671980000,0x0000000671980000,0x00000006ef580000)
  from space 64512K, 38% used [0x00000006ef580000,0x00000006f0df25c8,0x00000006f3480000)
  to   space 61952K, 0% used [0x00000006f3700000,0x00000006f3700000,0x00000006f7380000)
 ParOldGen       total 685568K, used 57813K [0x00000003d4c00000, 0x00000003fe980000, 0x0000000671980000)
  object space 685568K, 8% used [0x00000003d4c00000,0x00000003d8475448,0x00000003fe980000)
 Metaspace       used 6107K, capacity 6230K, committed 6272K, reserved 1056768K
  class space    used 593K, capacity 625K, committed 640K, reserved 1048576K
GC Heap History (10 events):
Event: 1.793 GC heap after
Heap after GC invocations=2 (full 0):
 PSYoungGen      total 557568K, used 39021K [0x0000000671980000, 0x0000000696380000, 0x00000007c0000000)
  eden space 515072K, 0% used [0x0000000671980000,0x0000000671980000,0x0000000691080000)
  from space 42496K, 91% used [0x0000000693a00000,0x000000069601b6b0,0x0000000696380000)
  to   space 42496K, 0% used [0x0000000691080000,0x0000000691080000,0x0000000693a00000)
 ParOldGen       total 685568K, used 35K [0x00000003d4c00000, 0x00000003fe980000, 0x0000000671980000)
  object space 685568K, 0% used [0x00000003d4c00000,0x00000003d4c08c50,0x00000003fe980000)
 Metaspace       used 4823K, capacity 4886K, committed 4992K, reserved 1056768K
  class space    used 520K, capacity 561K, committed 640K, reserved 1048576K
}
Event: 2.257 GC heap before
{Heap before GC invocations=3 (full 0):
 PSYoungGen      total 557568K, used 554093K [0x0000000671980000, 0x0000000696380000, 0x00000007c0000000)
  eden space 515072K, 100% used [0x0000000671980000,0x0000000691080000,0x0000000691080000)
  from space 42496K, 91% used [0x0000000693a00000,0x000000069601b6b0,0x0000000696380000)
  to   space 42496K, 0% used [0x0000000691080000,0x0000000691080000,0x0000000693a00000)
 ParOldGen       total 685568K, used 35K [0x00000003d4c00000, 0x00000003fe980000, 0x0000000671980000)
  object space 685568K, 0% used [0x00000003d4c00000,0x00000003d4c08c50,0x00000003fe980000)
 Metaspace       used 4823K, capacity 4886K, committed 4992K, reserved 1056768K
  class space    used 520K, capacity 561K, committed 640K, reserved 1048576K
Event: 2.290 GC heap after
Heap after GC invocations=3 (full 0):
 PSYoungGen      total 557568K, used 42470K [0x0000000671980000, 0x00000006b5a80000, 0x00000007c0000000)
  eden space 515072K, 0% used [0x0000000671980000,0x0000000671980000,0x0000000691080000)
  from space 42496K, 99% used [0x0000000691080000,0x00000006939f9828,0x0000000693a00000)
  to   space 42496K, 0% used [0x00000006b3100000,0x00000006b3100000,0x00000006b5a80000)
 ParOldGen       total 685568K, used 4633K [0x00000003d4c00000, 0x00000003fe980000, 0x0000000671980000)
  object space 685568K, 0% used [0x00000003d4c00000,0x00000003d5086568,0x00000003fe980000)
 Metaspace       used 4823K, capacity 4886K, committed 4992K, reserved 1056768K
  class space    used 520K, capacity 561K, committed 640K, reserved 1048576K
}
Event: 3.372 GC heap before
{Heap before GC invocations=4 (full 0):
 PSYoungGen      total 557568K, used 557542K [0x0000000671980000, 0x00000006b5a80000, 0x00000007c0000000)
  eden space 515072K, 100% used [0x0000000671980000,0x0000000691080000,0x0000000691080000)
  from space 42496K, 99% used [0x0000000691080000,0x00000006939f9828,0x0000000693a00000)
  to   space 42496K, 0% used [0x00000006b3100000,0x00000006b3100000,0x00000006b5a80000)
 ParOldGen       total 685568K, used 4633K [0x00000003d4c00000, 0x00000003fe980000, 0x0000000671980000)
  object space 685568K, 0% used [0x00000003d4c00000,0x00000003d5086568,0x00000003fe980000)
 Metaspace       used 5100K, capacity 5206K, committed 5504K, reserved 1056768K
  class space    used 534K, capacity 561K, committed 640K, reserved 1048576K
Event: 3.400 GC heap after
Heap after GC invocations=4 (full 0):
 PSYoungGen      total 1072640K, used 42475K [0x0000000671980000, 0x00000006b5a80000, 0x00000007c0000000)
  eden space 1030144K, 0% used [0x0000000671980000,0x0000000671980000,0x00000006b0780000)
  from space 42496K, 99% used [0x00000006b3100000,0x00000006b5a7ae98,0x00000006b5a80000)
  to   space 42496K, 0% used [0x00000006b0780000,0x00000006b0780000,0x00000006b3100000)
 ParOldGen       total 685568K, used 7614K [0x00000003d4c00000, 0x00000003fe980000, 0x0000000671980000)
  object space 685568K, 1% used [0x00000003d4c00000,0x00000003d536f9a8,0x00000003fe980000)
 Metaspace       used 5100K, capacity 5206K, committed 5504K, reserved 1056768K
  class space    used 534K, capacity 561K, committed 640K, reserved 1048576K
}
Event: 456.661 GC heap before
{Heap before GC invocations=5 (full 0):
 PSYoungGen      total 1072640K, used 1072619K [0x0000000671980000, 0x00000006b5a80000, 0x00000007c0000000)
  eden space 1030144K, 100% used [0x0000000671980000,0x00000006b0780000,0x00000006b0780000)
  from space 42496K, 99% used [0x00000006b3100000,0x00000006b5a7ae98,0x00000006b5a80000)
  to   space 42496K, 0% used [0x00000006b0780000,0x00000006b0780000,0x00000006b3100000)
 ParOldGen       total 685568K, used 7614K [0x00000003d4c00000, 0x00000003fe980000, 0x0000000671980000)
  object space 685568K, 1% used [0x00000003d4c00000,0x00000003d536f9a8,0x00000003fe980000)
 Metaspace       used 6043K, capacity 6166K, committed 6272K, reserved 1056768K
  class space    used 590K, capacity 625K, committed 640K, reserved 1048576K
Event: 456.734 GC heap after
Heap after GC invocations=5 (full 0):
 PSYoungGen      total 1072640K, used 42495K [0x0000000671980000, 0x00000006f7880000, 0x00000007c0000000)
  eden space 1030144K, 0% used [0x0000000671980000,0x0000000671980000,0x00000006b0780000)
  from space 42496K, 99% used [0x00000006b0780000,0x00000006b30ffdd0,0x00000006b3100000)
  to   space 67072K, 0% used [0x00000006f3700000,0x00000006f3700000,0x00000006f7880000)
 ParOldGen       total 685568K, used 34486K [0x00000003d4c00000, 0x00000003fe980000, 0x0000000671980000)
  object space 685568K, 5% used [0x00000003d4c00000,0x00000003d6dad910,0x00000003fe980000)
 Metaspace       used 6043K, capacity 6166K, committed 6272K, reserved 1056768K
  class space    used 590K, capacity 625K, committed 640K, reserved 1048576K
}
Event: 1481.297 GC heap before
{Heap before GC invocations=6 (full 0):
 PSYoungGen      total 1072640K, used 1072639K [0x0000000671980000, 0x00000006f7880000, 0x00000007c0000000)
  eden space 1030144K, 100% used [0x0000000671980000,0x00000006b0780000,0x00000006b0780000)
  from space 42496K, 99% used [0x00000006b0780000,0x00000006b30ffdd0,0x00000006b3100000)
  to   space 67072K, 0% used [0x00000006f3700000,0x00000006f3700000,0x00000006f7880000)
 ParOldGen       total 685568K, used 34486K [0x00000003d4c00000, 0x00000003fe980000, 0x0000000671980000)
  object space 685568K, 5% used [0x00000003d4c00000,0x00000003d6dad910,0x00000003fe980000)
 Metaspace       used 6079K, capacity 6166K, committed 6272K, reserved 1056768K
  class space    used 591K, capacity 625K, committed 640K, reserved 1048576K
Event: 1481.340 GC heap after
Heap after GC invocations=6 (full 0):
 PSYoungGen      total 2122240K, used 45583K [0x0000000671980000, 0x00000006f7380000, 0x00000007c0000000)
  eden space 2060288K, 0% used [0x0000000671980000,0x0000000671980000,0x00000006ef580000)
  from space 61952K, 73% used [0x00000006f3700000,0x00000006f6383dc0,0x00000006f7380000)
  to   space 64512K, 0% used [0x00000006ef580000,0x00000006ef580000,0x00000006f3480000)
 ParOldGen       total 685568K, used 34494K [0x00000003d4c00000, 0x00000003fe980000, 0x0000000671980000)
  object space 685568K, 5% used [0x00000003d4c00000,0x00000003d6daf910,0x00000003fe980000)
 Metaspace       used 6079K, capacity 6166K, committed 6272K, reserved 1056768K
  class space    used 591K, capacity 625K, committed 640K, reserved 1048576K
}
Event: 2551.175 GC heap before
{Heap before GC invocations=7 (full 0):
 PSYoungGen      total 2122240K, used 2105871K [0x0000000671980000, 0x00000006f7380000, 0x00000007c0000000)
  eden space 2060288K, 100% used [0x0000000671980000,0x00000006ef580000,0x00000006ef580000)
  from space 61952K, 73% used [0x00000006f3700000,0x00000006f6383dc0,0x00000006f7380000)
  to   space 64512K, 0% used [0x00000006ef580000,0x00000006ef580000,0x00000006f3480000)
 ParOldGen       total 685568K, used 34494K [0x00000003d4c00000, 0x00000003fe980000, 0x0000000671980000)
  object space 685568K, 5% used [0x00000003d4c00000,0x00000003d6daf910,0x00000003fe980000)
 Metaspace       used 6107K, capacity 6230K, committed 6272K, reserved 1056768K
  class space    used 593K, capacity 625K, committed 640K, reserved 1048576K

