# JRE version: Java(TM) SE Runtime Environment (8.0_66-b17) (build 1.8.0_66-b17)
# Java VM: Java HotSpot(TM) 64-Bit Server VM (25.66-b17 mixed mode linux-amd64 compressed oops)
Heap:
 PSYoungGen      total 557568K, used 42486K [0x0000000671980000, 0x0000000696380000, 0x00000007c0000000)
  eden space 515072K, 0% used [0x0000000671980000,0x0000000671980000,0x0000000691080000)
  from space 42496K, 99% used [0x0000000691080000,0x00000006939fd818,0x0000000693a00000)
  to   space 42496K, 0% used [0x0000000693a00000,0x0000000693a00000,0x0000000696380000)
 ParOldGen       total 685568K, used 4918K [0x00000003d4c00000, 0x00000003fe980000, 0x0000000671980000)
  object space 685568K, 0% used [0x00000003d4c00000,0x00000003d50cd8b0,0x00000003fe980000)
 Metaspace       used 4824K, capacity 4886K, committed 4992K, reserved 1056768K
  class space    used 520K, capacity 561K, committed 640K, reserved 1048576K
GC Heap History (5 events):
Event: 1.246 GC heap before
{Heap before GC invocations=1 (full 0):
 PSYoungGen      total 300032K, used 257536K [0x0000000671980000, 0x0000000686800000, 0x00000007c0000000)
  eden space 257536K, 100% used [0x0000000671980000,0x0000000681500000,0x0000000681500000)
  from space 42496K, 0% used [0x0000000683e80000,0x0000000683e80000,0x0000000686800000)
  to   space 42496K, 0% used [0x0000000681500000,0x0000000681500000,0x0000000683e80000)
 ParOldGen       total 685568K, used 0K [0x00000003d4c00000, 0x00000003fe980000, 0x0000000671980000)
  object space 685568K, 0% used [0x00000003d4c00000,0x00000003d4c00000,0x00000003fe980000)
 Metaspace       used 4812K, capacity 4878K, committed 4992K, reserved 1056768K
  class space    used 520K, capacity 561K, committed 640K, reserved 1048576K
Event: 1.265 GC heap after
Heap after GC invocations=1 (full 0):
 PSYoungGen      total 300032K, used 37513K [0x0000000671980000, 0x0000000696380000, 0x00000007c0000000)
  eden space 257536K, 0% used [0x0000000671980000,0x0000000671980000,0x0000000681500000)
  from space 42496K, 88% used [0x0000000681500000,0x00000006839a2408,0x0000000683e80000)
  to   space 42496K, 0% used [0x0000000693a00000,0x0000000693a00000,0x0000000696380000)
 ParOldGen       total 685568K, used 27K [0x00000003d4c00000, 0x00000003fe980000, 0x0000000671980000)
  object space 685568K, 0% used [0x00000003d4c00000,0x00000003d4c06c50,0x00000003fe980000)
 Metaspace       used 4812K, capacity 4878K, committed 4992K, reserved 1056768K
  class space    used 520K, capacity 561K, committed 640K, reserved 1048576K
}
Event: 1.632 GC heap before
{Heap before GC invocations=2 (full 0):
 PSYoungGen      total 300032K, used 295049K [0x0000000671980000, 0x0000000696380000, 0x00000007c0000000)
  eden space 257536K, 100% used [0x0000000671980000,0x0000000681500000,0x0000000681500000)
  from space 42496K, 88% used [0x0000000681500000,0x00000006839a2408,0x0000000683e80000)
  to   space 42496K, 0% used [0x0000000693a00000,0x0000000693a00000,0x0000000696380000)
 ParOldGen       total 685568K, used 27K [0x00000003d4c00000, 0x00000003fe980000, 0x0000000671980000)
  object space 685568K, 0% used [0x00000003d4c00000,0x00000003d4c06c50,0x00000003fe980000)
 Metaspace       used 4823K, capacity 4886K, committed 4992K, reserved 1056768K
  class space    used 520K, capacity 561K, committed 640K, reserved 1048576K
Event: 1.649 GC heap after
Heap after GC invocations=2 (full 0):
 PSYoungGen      total 557568K, used 38861K [0x0000000671980000, 0x0000000696380000, 0x00000007c0000000)
  eden space 515072K, 0% used [0x0000000671980000,0x0000000671980000,0x0000000691080000)
  from space 42496K, 91% used [0x0000000693a00000,0x0000000695ff3670,0x0000000696380000)
  to   space 42496K, 0% used [0x0000000691080000,0x0000000691080000,0x0000000693a00000)
 ParOldGen       total 685568K, used 35K [0x00000003d4c00000, 0x00000003fe980000, 0x0000000671980000)
  object space 685568K, 0% used [0x00000003d4c00000,0x00000003d4c08c50,0x00000003fe980000)
 Metaspace       used 4823K, capacity 4886K, committed 4992K, reserved 1056768K
  class space    used 520K, capacity 561K, committed 640K, reserved 1048576K
}
Event: 2.313 GC heap before
{Heap before GC invocations=3 (full 0):
 PSYoungGen      total 557568K, used 553933K [0x0000000671980000, 0x0000000696380000, 0x00000007c0000000)
  eden space 515072K, 100% used [0x0000000671980000,0x0000000691080000,0x0000000691080000)
  from space 42496K, 91% used [0x0000000693a00000,0x0000000695ff3670,0x0000000696380000)
  to   space 42496K, 0% used [0x0000000691080000,0x0000000691080000,0x0000000693a00000)
 ParOldGen       total 685568K, used 35K [0x00000003d4c00000, 0x00000003fe980000, 0x0000000671980000)
  object space 685568K, 0% used [0x00000003d4c00000,0x00000003d4c08c50,0x00000003fe980000)
 Metaspace       used 4824K, capacity 4886K, committed 4992K, reserved 1056768K
  class space    used 520K, capacity 561K, committed 640K, reserved 1048576K

